<?xml version="1.0" encoding="UTF-8"?>
<testng-results ignored="0" total="3" passed="3" failed="0" skipped="0">
  <reporter-output>
  </reporter-output>
  <suite started-at="2023-12-14T13:05:50 CST" name="Suite" finished-at="2023-12-14T13:06:11 CST" duration-ms="20340">
    <groups>
    </groups>
    <test started-at="2023-12-14T13:05:50 CST" name="Test1" finished-at="2023-12-14T13:05:56 CST" duration-ms="5442">
      <class name="crossbrowsertesting.tetstingmultibrowser">
        <test-method is-config="true" signature="setup(java.lang.String)[pri:0, instance:crossbrowsertesting.tetstingmultibrowser@73a1e9a9]" started-at="2023-12-14T13:05:50 CST" name="setup" finished-at="2023-12-14T13:05:53 CST" duration-ms="2783" status="PASS">
          <params>
            <param index="0">
              <value>
                <![CDATA[chrome]]>
              </value>
            </param>
          </params>
          <reporter-output>
          </reporter-output>
        </test-method> <!-- setup -->
        <test-method signature="test1()[pri:0, instance:crossbrowsertesting.tetstingmultibrowser@73a1e9a9]" started-at="2023-12-14T13:05:53 CST" name="test1" finished-at="2023-12-14T13:05:56 CST" duration-ms="2607" status="PASS">
          <reporter-output>
          </reporter-output>
        </test-method> <!-- test1 -->
      </class> <!-- crossbrowsertesting.tetstingmultibrowser -->
    </test> <!-- Test1 -->
    <test started-at="2023-12-14T13:05:56 CST" name="test2" finished-at="2023-12-14T13:06:05 CST" duration-ms="9179">
      <class name="crossbrowsertesting.tetstingmultibrowser">
        <test-method is-config="true" signature="setup(java.lang.String)[pri:0, instance:crossbrowsertesting.tetstingmultibrowser@1f2586d6]" started-at="2023-12-14T13:05:56 CST" name="setup" finished-at="2023-12-14T13:06:00 CST" duration-ms="4360" status="PASS">
          <params>
            <param index="0">
              <value>
                <![CDATA[Firefox]]>
              </value>
            </param>
          </params>
          <reporter-output>
          </reporter-output>
        </test-method> <!-- setup -->
        <test-method signature="test1()[pri:0, instance:crossbrowsertesting.tetstingmultibrowser@1f2586d6]" started-at="2023-12-14T13:06:00 CST" name="test1" finished-at="2023-12-14T13:06:05 CST" duration-ms="4802" status="PASS">
          <reporter-output>
          </reporter-output>
        </test-method> <!-- test1 -->
      </class> <!-- crossbrowsertesting.tetstingmultibrowser -->
    </test> <!-- test2 -->
    <test started-at="2023-12-14T13:06:05 CST" name="test3" finished-at="2023-12-14T13:06:11 CST" duration-ms="5651">
      <class name="crossbrowsertesting.tetstingmultibrowser">
        <test-method is-config="true" signature="setup(java.lang.String)[pri:0, instance:crossbrowsertesting.tetstingmultibrowser@5aa9e4eb]" started-at="2023-12-14T13:06:05 CST" name="setup" finished-at="2023-12-14T13:06:08 CST" duration-ms="3110" status="PASS">
          <params>
            <param index="0">
              <value>
                <![CDATA[Edge]]>
              </value>
            </param>
          </params>
          <reporter-output>
          </reporter-output>
        </test-method> <!-- setup -->
        <test-method signature="test1()[pri:0, instance:crossbrowsertesting.tetstingmultibrowser@5aa9e4eb]" started-at="2023-12-14T13:06:08 CST" name="test1" finished-at="2023-12-14T13:06:11 CST" duration-ms="2535" status="PASS">
          <reporter-output>
          </reporter-output>
        </test-method> <!-- test1 -->
      </class> <!-- crossbrowsertesting.tetstingmultibrowser -->
    </test> <!-- test3 -->
  </suite> <!-- Suite -->
</testng-results>
